d:\gitrepos\running-late-test\componentframework\componentframework\debug\vc142.pdb
d:\gitrepos\running-late-test\componentframework\componentframework\debug\vc142.idb
d:\gitrepos\running-late-test\componentframework\componentframework\debug\window.obj
d:\gitrepos\running-late-test\componentframework\componentframework\debug\vmath.obj
d:\gitrepos\running-late-test\componentframework\componentframework\debug\timer.obj
d:\gitrepos\running-late-test\componentframework\componentframework\debug\texture.obj
d:\gitrepos\running-late-test\componentframework\componentframework\debug\shader.obj
d:\gitrepos\running-late-test\componentframework\componentframework\debug\scene1.obj
d:\gitrepos\running-late-test\componentframework\componentframework\debug\scene0.obj
d:\gitrepos\running-late-test\componentframework\componentframework\debug\objloader.obj
d:\gitrepos\running-late-test\componentframework\componentframework\debug\mmath.obj
d:\gitrepos\running-late-test\componentframework\componentframework\debug\mesh.obj
d:\gitrepos\running-late-test\componentframework\componentframework\debug\main.obj
d:\gitrepos\running-late-test\componentframework\componentframework\debug\scenemanager.obj
d:\gitrepos\running-late-test\componentframework\componentframework\debug\physicsobject.obj
d:\gitrepos\running-late-test\componentframework\componentframework\debug\physics.obj
d:\gitrepos\running-late-test\componentframework\componentframework\debug\objloader2.obj
d:\gitrepos\running-late-test\componentframework\componentframework\debug\demoobject.obj
d:\gitrepos\running-late-test\componentframework\componentframework\debug\gameobject.obj
d:\gitrepos\running-late-test\componentframework\componentframework\debug\debug.obj
d:\gitrepos\running-late-test\componentframework\componentframework\debug\componentframework.ilk
d:\gitrepos\running-late-test\componentframework\debug\componentframework.exe
d:\gitrepos\running-late-test\componentframework\debug\componentframework.pdb
d:\gitrepos\running-late-test\componentframework\componentframework\debug\componen.614c2865.tlog\cl.command.1.tlog
d:\gitrepos\running-late-test\componentframework\componentframework\debug\componen.614c2865.tlog\cl.read.1.tlog
d:\gitrepos\running-late-test\componentframework\componentframework\debug\componen.614c2865.tlog\cl.write.1.tlog
d:\gitrepos\running-late-test\componentframework\componentframework\debug\componen.614c2865.tlog\link.command.1.tlog
d:\gitrepos\running-late-test\componentframework\componentframework\debug\componen.614c2865.tlog\link.read.1.tlog
d:\gitrepos\running-late-test\componentframework\componentframework\debug\componen.614c2865.tlog\link.write.1.tlog
